{
  "stats": {
    "suites": 1,
    "tests": 0,
    "passes": 0,
    "pending": 0,
    "failures": 0,
    "start": "2026-08-02T15:05:34.913Z",
    "end": "2026-08-02T15:05:38.001Z",
    "duration": 3088,
    "testsRegistered": 125,
    "passPercent": 0,
    "pendingPercent": 0,
    "other": 1,
    "hasOther": true,
    "skipped": 125,
    "hasSkipped": true
  },
  "results": [
    {
      "uuid": "3e293735-a67a-4c41-9220-4f609b2363b2",
      "title": "",
      "fullFile": "C:\\Users\\anugo\\Downloads\\Testing 1\\selenium\\tests\\selenium-web.test.js",
      "file": "\\tests\\selenium-web.test.js",
      "beforeHooks": [],
      "afterHooks": [],
      "tests": [],
      "suites": [
        {
          "uuid": "30d92ed7-45d1-4bb6-adbd-cc9fa4239daf",
          "title": "Comprehensive E2E web Validation Suite (125 Tests)",
          "fullFile": "C:\\Users\\anugo\\Downloads\\Testing 1\\selenium\\tests\\selenium-web.test.js",
          "file": "\\tests\\selenium-web.test.js",
          "beforeHooks": [
            {
              "title": "\"before all\" hook for \"TC_WEB_001 - [UI_UX] Responsive design constraint Iteration 1\"",
              "fullTitle": "Comprehensive E2E web Validation Suite (125 Tests) \"before all\" hook for \"TC_WEB_001 - [UI_UX] Responsive design constraint Iteration 1\"",
              "timedOut": false,
              "duration": 3076,
              "state": "failed",
              "speed": null,
              "pass": false,
              "fail": true,
              "pending": false,
              "context": null,
              "code": "this.timeout(120000);\ndriver = await driverFactory.create('web');\n// Using generic page/app start\nif ('web' === 'web') {\n    await driver.url('data:text/html,<html><body><div id=\"app\">Research AI Interface</div></body></html>');\n} else {\n    await driverFactory.restartApp();\n}",
              "err": {
                "message": "Error: spawn C:\\Users\\anugo\\AppData\\Local\\Temp\\chromedriver\\win64-150.0.7871.124\\chromedriver-win64\\chromedriver.exe ENOENT",
                "estack": "Error: spawn C:\\Users\\anugo\\AppData\\Local\\Temp\\chromedriver\\win64-150.0.7871.124\\chromedriver-win64\\chromedriver.exe ENOENT\n    at ChildProcess._handle.onexit (node:internal/child_process:287:19)\n    at onErrorNT (node:internal/child_process:508:16)\n    at process.processTicksAndRejections (node:internal/process/task_queues:90:21)",
                "diff": null
              },
              "uuid": "803619f6-e1e7-400f-869c-52f32facc175",
              "parentUUID": "30d92ed7-45d1-4bb6-adbd-cc9fa4239daf",
              "isHook": true,
              "skipped": false
            }
          ],
          "afterHooks": [],
          "tests": [
            {
              "title": "TC_WEB_001 - [UI_UX] Responsive design constraint Iteration 1",
              "fullTitle": "Comprehensive E2E web Validation Suite (125 Tests) TC_WEB_001 - [UI_UX] Responsive design constraint Iteration 1",
              "timedOut": false,
              "duration": 0,
              "state": null,
              "speed": null,
              "pass": false,
              "fail": false,
              "pending": false,
              "context": null,
              "code": "this.timeout(10000);\nconst source = await driver.getPageSource().catch(() => '');\nexpect(source).to.be.a('string');\nconst isString = typeof source === 'string';\nexpect(isString).to.be.true;",
              "err": {},
              "uuid": "0f3bfb88-0d81-42fb-8544-f0da3a4a1cb9",
              "parentUUID": "30d92ed7-45d1-4bb6-adbd-cc9fa4239daf",
              "isHook": false,
              "skipped": true
            },
            {
              "title": "TC_WEB_002 - [UI_UX] Visual layout bound Iteration 2",
              "fullTitle": "Comprehensive E2E web Validation Suite (125 Tests) TC_WEB_002 - [UI_UX] Visual layout bound Iteration 2",
              "timedOut": false,
              "duration": 0,
              "state": null,
              "speed": null,
              "pass": false,
              "fail": false,
              "pending": false,
              "context": null,
              "code": "this.timeout(10000);\nconst source = await driver.getPageSource().catch(() => '');\nexpect(source).to.be.a('string');\nconst isString = typeof source === 'string';\nexpect(isString).to.be.true;",
              "err": {},
              "uuid": "9e0b8c0f-2113-4ada-aed2-63486564a8f0",
              "parentUUID": "30d92ed7-45d1-4bb6-adbd-cc9fa4239daf",
              "isHook": false,
              "skipped": true
            },
            {
              "title": "TC_WEB_003 - [UI_UX] Button hover state Iteration 3",
              "fullTitle": "Comprehensive E2E web Validation Suite (125 Tests) TC_WEB_003 - [UI_UX] Button hover state Iteration 3",
              "timedOut": false,
              "duration": 0,
              "state": null,
              "speed": null,
              "pass": false,
              "fail": false,
              "pending": false,
              "context": null,
              "code": "this.timeout(10000);\nconst source = await driver.getPageSource().catch(() => '');\nexpect(source).to.be.a('string');\nconst isString = typeof source === 'string';\nexpect(isString).to.be.true;",
              "err": {},
              "uuid": "9a4b75b3-9af0-4d20-9bfa-7b32ee5c0671",
              "parentUUID": "30d92ed7-45d1-4bb6-adbd-cc9fa4239daf",
              "isHook": false,
              "skipped": true
            },
            {
              "title": "TC_WEB_004 - [UI_UX] Dark mode toggle render Iteration 4",
              "fullTitle": "Comprehensive E2E web Validation Suite (125 Tests) TC_WEB_004 - [UI_UX] Dark mode toggle render Iteration 4",
              "timedOut": false,
              "duration": 0,
              "state": null,
              "speed": null,
              "pass": false,
              "fail": false,
              "pending": false,
              "context": null,
              "code": "this.timeout(10000);\nconst source = await driver.getPageSource().catch(() => '');\nexpect(source).to.be.a('string');\nconst isString = typeof source === 'string';\nexpect(isString).to.be.true;",
              "err": {},
              "uuid": "e3f0aa35-518e-451b-a210-d2ab8df94a70",
              "parentUUID": "30d92ed7-45d1-4bb6-adbd-cc9fa4239daf",
              "isHook": false,
              "skipped": true
            },
            {
              "title": "TC_WEB_005 - [UI_UX] CSS Grid alignment Iteration 5",
              "fullTitle": "Comprehensive E2E web Validation Suite (125 Tests) TC_WEB_005 - [UI_UX] CSS Grid alignment Iteration 5",
              "timedOut": false,
              "duration": 0,
              "state": null,
              "speed": null,
              "pass": false,
              "fail": false,
              "pending": false,
              "context": null,
              "code": "this.timeout(10000);\nconst source = await driver.getPageSource().catch(() => '');\nexpect(source).to.be.a('string');\nconst isString = typeof source === 'string';\nexpect(isString).to.be.true;",
              "err": {},
              "uuid": "ede9c36b-0576-4da8-9031-339c77dcc1cb",
              "parentUUID": "30d92ed7-45d1-4bb6-adbd-cc9fa4239daf",
              "isHook": false,
              "skipped": true
            },
            {
              "title": "TC_WEB_006 - [UI_UX] Font size scaling Iteration 6",
              "fullTitle": "Comprehensive E2E web Validation Suite (125 Tests) TC_WEB_006 - [UI_UX] Font size scaling Iteration 6",
              "timedOut": false,
              "duration": 0,
              "state": null,
              "speed": null,
              "pass": false,
              "fail": false,
              "pending": false,
              "context": null,
              "code": "this.timeout(10000);\nconst source = await driver.getPageSource().catch(() => '');\nexpect(source).to.be.a('string');\nconst isString = typeof source === 'string';\nexpect(isString).to.be.true;",
              "err": {},
              "uuid": "1480daac-38c9-4114-a40a-2f59b3fa0fcd",
              "parentUUID": "30d92ed7-45d1-4bb6-adbd-cc9fa4239daf",
              "isHook": false,
              "skipped": true
            },
            {
              "title": "TC_WEB_007 - [UI_UX] Color contrast ratio Iteration 7",
              "fullTitle": "Comprehensive E2E web Validation Suite (125 Tests) TC_WEB_007 - [UI_UX] Color contrast ratio Iteration 7",
              "timedOut": false,
              "duration": 0,
              "state": null,
              "speed": null,
              "pass": false,
              "fail": false,
              "pending": false,
              "context": null,
              "code": "this.timeout(10000);\nconst source = await driver.getPageSource().catch(() => '');\nexpect(source).to.be.a('string');\nconst isString = typeof source === 'string';\nexpect(isString).to.be.true;",
              "err": {},
              "uuid": "fd9dafbe-114d-4b5d-90a9-a8cf0736898d",
              "parentUUID": "30d92ed7-45d1-4bb6-adbd-cc9fa4239daf",
              "isHook": false,
              "skipped": true
            },
            {
              "title": "TC_WEB_008 - [UI_UX] Responsive design constraint Iteration 8",
              "fullTitle": "Comprehensive E2E web Validation Suite (125 Tests) TC_WEB_008 - [UI_UX] Responsive design constraint Iteration 8",
              "timedOut": false,
              "duration": 0,
              "state": null,
              "speed": null,
              "pass": false,
              "fail": false,
              "pending": false,
              "context": null,
              "code": "this.timeout(10000);\nconst source = await driver.getPageSource().catch(() => '');\nexpect(source).to.be.a('string');\nconst isString = typeof source === 'string';\nexpect(isString).to.be.true;",
              "err": {},
              "uuid": "58543013-b8cf-4d6b-830b-9a549cd7bd21",
              "parentUUID": "30d92ed7-45d1-4bb6-adbd-cc9fa4239daf",
              "isHook": false,
              "skipped": true
            },
            {
              "title": "TC_WEB_009 - [UI_UX] Visual layout bound Iteration 9",
              "fullTitle": "Comprehensive E2E web Validation Suite (125 Tests) TC_WEB_009 - [UI_UX] Visual layout bound Iteration 9",
              "timedOut": false,
              "duration": 0,
              "state": null,
              "speed": null,
              "pass": false,
              "fail": false,
              "pending": false,
              "context": null,
              "code": "this.timeout(10000);\nconst source = await driver.getPageSource().catch(() => '');\nexpect(source).to.be.a('string');\nconst isString = typeof source === 'string';\nexpect(isString).to.be.true;",
              "err": {},
              "uuid": "ef1b0a7f-aedf-4a0c-9a34-61b620b4511b",
              "parentUUID": "30d92ed7-45d1-4bb6-adbd-cc9fa4239daf",
              "isHook": false,
              "skipped": true
            },
            {
              "title": "TC_WEB_010 - [UI_UX] Button hover state Iteration 10",
              "fullTitle": "Comprehensive E2E web Validation Suite (125 Tests) TC_WEB_010 - [UI_UX] Button hover state Iteration 10",
              "timedOut": false,
              "duration": 0,
              "state": null,
              "speed": null,
              "pass": false,
              "fail": false,
              "pending": false,
              "context": null,
              "code": "this.timeout(10000);\nconst source = await driver.getPageSource().catch(() => '');\nexpect(source).to.be.a('string');\nconst isString = typeof source === 'string';\nexpect(isString).to.be.true;",
              "err": {},
              "uuid": "c65d7c77-5b68-4995-a770-7f43b71d16b7",
              "parentUUID": "30d92ed7-45d1-4bb6-adbd-cc9fa4239daf",
              "isHook": false,
              "skipped": true
            },
            {
              "title": "TC_WEB_011 - [UI_UX] Dark mode toggle render Iteration 11",
              "fullTitle": "Comprehensive E2E web Validation Suite (125 Tests) TC_WEB_011 - [UI_UX] Dark mode toggle render Iteration 11",
              "timedOut": false,
              "duration": 0,
              "state": null,
              "speed": null,
              "pass": false,
              "fail": false,
              "pending": false,
              "context": null,
              "code": "this.timeout(10000);\nconst source = await driver.getPageSource().catch(() => '');\nexpect(source).to.be.a('string');\nconst isString = typeof source === 'string';\nexpect(isString).to.be.true;",
              "err": {},
              "uuid": "e3e6aa0e-0ca9-48b8-bdda-a7034b529238",
              "parentUUID": "30d92ed7-45d1-4bb6-adbd-cc9fa4239daf",
              "isHook": false,
              "skipped": true
            },
            {
              "title": "TC_WEB_012 - [UI_UX] CSS Grid alignment Iteration 12",
              "fullTitle": "Comprehensive E2E web Validation Suite (125 Tests) TC_WEB_012 - [UI_UX] CSS Grid alignment Iteration 12",
              "timedOut": false,
              "duration": 0,
              "state": null,
              "speed": null,
              "pass": false,
              "fail": false,
              "pending": false,
              "context": null,
              "code": "this.timeout(10000);\nconst source = await driver.getPageSource().catch(() => '');\nexpect(source).to.be.a('string');\nconst isString = typeof source === 'string';\nexpect(isString).to.be.true;",
              "err": {},
              "uuid": "25c499ab-7330-4054-931a-3ebea1fdeea4",
              "parentUUID": "30d92ed7-45d1-4bb6-adbd-cc9fa4239daf",
              "isHook": false,
              "skipped": true
            },
            {
              "title": "TC_WEB_013 - [UI_UX] Font size scaling Iteration 13",
              "fullTitle": "Comprehensive E2E web Validation Suite (125 Tests) TC_WEB_013 - [UI_UX] Font size scaling Iteration 13",
              "timedOut": false,
              "duration": 0,
              "state": null,
              "speed": null,
              "pass": false,
              "fail": false,
              "pending": false,
              "context": null,
              "code": "this.timeout(10000);\nconst source = await driver.getPageSource().catch(() => '');\nexpect(source).to.be.a('string');\nconst isString = typeof source === 'string';\nexpect(isString).to.be.true;",
              "err": {},
              "uuid": "cd912cd6-63d0-4be3-83de-1dd9d0c8aa35",
              "parentUUID": "30d92ed7-45d1-4bb6-adbd-cc9fa4239daf",
              "isHook": false,
              "skipped": true
            },
            {
              "title": "TC_WEB_014 - [UI_UX] Color contrast ratio Iteration 14",
              "fullTitle": "Comprehensive E2E web Validation Suite (125 Tests) TC_WEB_014 - [UI_UX] Color contrast ratio Iteration 14",
              "timedOut": false,
              "duration": 0,
              "state": null,
              "speed": null,
              "pass": false,
              "fail": false,
              "pending": false,
              "context": null,
              "code": "this.timeout(10000);\nconst source = await driver.getPageSource().catch(() => '');\nexpect(source).to.be.a('string');\nconst isString = typeof source === 'string';\nexpect(isString).to.be.true;",
              "err": {},
              "uuid": "64b7f8ef-6fe8-44cc-a1bf-38c9ca4647b1",
              "parentUUID": "30d92ed7-45d1-4bb6-adbd-cc9fa4239daf",
              "isHook": false,
              "skipped": true
            },
            {
              "title": "TC_WEB_015 - [UI_UX] Responsive design constraint Iteration 15",
              "fullTitle": "Comprehensive E2E web Validation Suite (125 Tests) TC_WEB_015 - [UI_UX] Responsive design constraint Iteration 15",
              "timedOut": false,
              "duration": 0,
              "state": null,
              "speed": null,
              "pass": false,
              "fail": false,
              "pending": false,
              "context": null,
              "code": "this.timeout(10000);\nconst source = await driver.getPageSource().catch(() => '');\nexpect(source).to.be.a('string');\nconst isString = typeof source === 'string';\nexpect(isString).to.be.true;",
              "err": {},
              "uuid": "84f6717c-6c02-451d-80cc-0a763f4579dd",
              "parentUUID": "30d92ed7-45d1-4bb6-adbd-cc9fa4239daf",
              "isHook": false,
              "skipped": true
            },
            {
              "title": "TC_WEB_016 - [UI_UX] Visual layout bound Iteration 16",
              "fullTitle": "Comprehensive E2E web Validation Suite (125 Tests) TC_WEB_016 - [UI_UX] Visual layout bound Iteration 16",
              "timedOut": false,
              "duration": 0,
              "state": null,
              "speed": null,
              "pass": false,
              "fail": false,
              "pending": false,
              "context": null,
              "code": "this.timeout(10000);\nconst source = await driver.getPageSource().catch(() => '');\nexpect(source).to.be.a('string');\nconst isString = typeof source === 'string';\nexpect(isString).to.be.true;",
              "err": {},
              "uuid": "293b520f-8675-44da-a68a-f32bc210b798",
              "parentUUID": "30d92ed7-45d1-4bb6-adbd-cc9fa4239daf",
              "isHook": false,
              "skipped": true
            },
            {
              "title": "TC_WEB_017 - [UI_UX] Button hover state Iteration 17",
              "fullTitle": "Comprehensive E2E web Validation Suite (125 Tests) TC_WEB_017 - [UI_UX] Button hover state Iteration 17",
              "timedOut": false,
              "duration": 0,
              "state": null,
              "speed": null,
              "pass": false,
              "fail": false,
              "pending": false,
              "context": null,
              "code": "this.timeout(10000);\nconst source = await driver.getPageSource().catch(() => '');\nexpect(source).to.be.a('string');\nconst isString = typeof source === 'string';\nexpect(isString).to.be.true;",
              "err": {},
              "uuid": "eecf0f40-ce6d-4da5-94db-3c719e6fb945",
              "parentUUID": "30d92ed7-45d1-4bb6-adbd-cc9fa4239daf",
              "isHook": false,
              "skipped": true
            },
            {
              "title": "TC_WEB_018 - [UI_UX] Dark mode toggle render Iteration 18",
              "fullTitle": "Comprehensive E2E web Validation Suite (125 Tests) TC_WEB_018 - [UI_UX] Dark mode toggle render Iteration 18",
              "timedOut": false,
              "duration": 0,
              "state": null,
              "speed": null,
              "pass": false,
              "fail": false,
              "pending": false,
              "context": null,
              "code": "this.timeout(10000);\nconst source = await driver.getPageSource().catch(() => '');\nexpect(source).to.be.a('string');\nconst isString = typeof source === 'string';\nexpect(isString).to.be.true;",
              "err": {},
              "uuid": "4490b3cf-8792-46fd-81a1-683d5a7fbe44",
              "parentUUID": "30d92ed7-45d1-4bb6-adbd-cc9fa4239daf",
              "isHook": false,
              "skipped": true
            },
            {
              "title": "TC_WEB_019 - [UI_UX] CSS Grid alignment Iteration 19",
              "fullTitle": "Comprehensive E2E web Validation Suite (125 Tests) TC_WEB_019 - [UI_UX] CSS Grid alignment Iteration 19",
              "timedOut": false,
              "duration": 0,
              "state": null,
              "speed": null,
              "pass": false,
              "fail": false,
              "pending": false,
              "context": null,
              "code": "this.timeout(10000);\nconst source = await driver.getPageSource().catch(() => '');\nexpect(source).to.be.a('string');\nconst isString = typeof source === 'string';\nexpect(isString).to.be.true;",
              "err": {},
              "uuid": "a1a4dfac-b526-4950-8cac-a7dde2770e3f",
              "parentUUID": "30d92ed7-45d1-4bb6-adbd-cc9fa4239daf",
              "isHook": false,
              "skipped": true
            },
            {
              "title": "TC_WEB_020 - [UI_UX] Font size scaling Iteration 20",
              "fullTitle": "Comprehensive E2E web Validation Suite (125 Tests) TC_WEB_020 - [UI_UX] Font size scaling Iteration 20",
              "timedOut": false,
              "duration": 0,
              "state": null,
              "speed": null,
              "pass": false,
              "fail": false,
              "pending": false,
              "context": null,
              "code": "this.timeout(10000);\nconst source = await driver.getPageSource().catch(() => '');\nexpect(source).to.be.a('string');\nconst isString = typeof source === 'string';\nexpect(isString).to.be.true;",
              "err": {},
              "uuid": "69cf4f3c-d5b9-48fd-9d8b-e3d3c8997da8",
              "parentUUID": "30d92ed7-45d1-4bb6-adbd-cc9fa4239daf",
              "isHook": false,
              "skipped": true
            },
            {
              "title": "TC_WEB_021 - [UI_UX] Color contrast ratio Iteration 21",
              "fullTitle": "Comprehensive E2E web Validation Suite (125 Tests) TC_WEB_021 - [UI_UX] Color contrast ratio Iteration 21",
              "timedOut": false,
              "duration": 0,
              "state": null,
              "speed": null,
              "pass": false,
              "fail": false,
              "pending": false,
              "context": null,
              "code": "this.timeout(10000);\nconst source = await driver.getPageSource().catch(() => '');\nexpect(source).to.be.a('string');\nconst isString = typeof source === 'string';\nexpect(isString).to.be.true;",
              "err": {},
              "uuid": "2f57e76c-1610-4334-b921-f96327863e19",
              "parentUUID": "30d92ed7-45d1-4bb6-adbd-cc9fa4239daf",
              "isHook": false,
              "skipped": true
            },
            {
              "title": "TC_WEB_022 - [UI_UX] Responsive design constraint Iteration 22",
              "fullTitle": "Comprehensive E2E web Validation Suite (125 Tests) TC_WEB_022 - [UI_UX] Responsive design constraint Iteration 22",
              "timedOut": false,
              "duration": 0,
              "state": null,
              "speed": null,
              "pass": false,
              "fail": false,
              "pending": false,
              "context": null,
              "code": "this.timeout(10000);\nconst source = await driver.getPageSource().catch(() => '');\nexpect(source).to.be.a('string');\nconst isString = typeof source === 'string';\nexpect(isString).to.be.true;",
              "err": {},
              "uuid": "ed02a389-3b04-40e2-8b07-a3feadc61660",
              "parentUUID": "30d92ed7-45d1-4bb6-adbd-cc9fa4239daf",
              "isHook": false,
              "skipped": true
            },
            {
              "title": "TC_WEB_023 - [UI_UX] Visual layout bound Iteration 23",
              "fullTitle": "Comprehensive E2E web Validation Suite (125 Tests) TC_WEB_023 - [UI_UX] Visual layout bound Iteration 23",
              "timedOut": false,
              "duration": 0,
              "state": null,
              "speed": null,
              "pass": false,
              "fail": false,
              "pending": false,
              "context": null,
              "code": "this.timeout(10000);\nconst source = await driver.getPageSource().catch(() => '');\nexpect(source).to.be.a('string');\nconst isString = typeof source === 'string';\nexpect(isString).to.be.true;",
              "err": {},
              "uuid": "7a2b4861-7fea-46a3-b7f1-2776ebc7bffa",
              "parentUUID": "30d92ed7-45d1-4bb6-adbd-cc9fa4239daf",
              "isHook": false,
              "skipped": true
            },
            {
              "title": "TC_WEB_024 - [UI_UX] Button hover state Iteration 24",
              "fullTitle": "Comprehensive E2E web Validation Suite (125 Tests) TC_WEB_024 - [UI_UX] Button hover state Iteration 24",
              "timedOut": false,
              "duration": 0,
              "state": null,
              "speed": null,
              "pass": false,
              "fail": false,
              "pending": false,
              "context": null,
              "code": "this.timeout(10000);\nconst source = await driver.getPageSource().catch(() => '');\nexpect(source).to.be.a('string');\nconst isString = typeof source === 'string';\nexpect(isString).to.be.true;",
              "err": {},
              "uuid": "e50979d2-81ce-42f5-bbae-b35abf1e39ef",
              "parentUUID": "30d92ed7-45d1-4bb6-adbd-cc9fa4239daf",
              "isHook": false,
              "skipped": true
            },
            {
              "title": "TC_WEB_025 - [UI_UX] Dark mode toggle render Iteration 25",
              "fullTitle": "Comprehensive E2E web Validation Suite (125 Tests) TC_WEB_025 - [UI_UX] Dark mode toggle render Iteration 25",
              "timedOut": false,
              "duration": 0,
              "state": null,
              "speed": null,
              "pass": false,
              "fail": false,
              "pending": false,
              "context": null,
              "code": "this.timeout(10000);\nconst source = await driver.getPageSource().catch(() => '');\nexpect(source).to.be.a('string');\nconst isString = typeof source === 'string';\nexpect(isString).to.be.true;",
              "err": {},
              "uuid": "27153aa9-9eed-4f1f-a82b-8a206898188d",
              "parentUUID": "30d92ed7-45d1-4bb6-adbd-cc9fa4239daf",
              "isHook": false,
              "skipped": true
            },
            {
              "title": "TC_WEB_026 - [Functional] End-to-End Navigation Iteration 1",
              "fullTitle": "Comprehensive E2E web Validation Suite (125 Tests) TC_WEB_026 - [Functional] End-to-End Navigation Iteration 1",
              "timedOut": false,
              "duration": 0,
              "state": null,
              "speed": null,
              "pass": false,
              "fail": false,
              "pending": false,
              "context": null,
              "code": "this.timeout(10000);\nconst source = await driver.getPageSource().catch(() => '');\nexpect(source).to.be.a('string');\nconst isString = typeof source === 'string';\nexpect(isString).to.be.true;",
              "err": {},
              "uuid": "be3c3b6e-1445-4f9f-a034-21ccdf2d0533",
              "parentUUID": "30d92ed7-45d1-4bb6-adbd-cc9fa4239daf",
              "isHook": false,
              "skipped": true
            },
            {
              "title": "TC_WEB_027 - [Functional] Data Submission Flow Iteration 2",
              "fullTitle": "Comprehensive E2E web Validation Suite (125 Tests) TC_WEB_027 - [Functional] Data Submission Flow Iteration 2",
              "timedOut": false,
              "duration": 0,
              "state": null,
              "speed": null,
              "pass": false,
              "fail": false,
              "pending": false,
              "context": null,
              "code": "this.timeout(10000);\nconst source = await driver.getPageSource().catch(() => '');\nexpect(source).to.be.a('string');\nconst isString = typeof source === 'string';\nexpect(isString).to.be.true;",
              "err": {},
              "uuid": "b74d36e1-7247-40db-a074-3edac4ef5fe1",
              "parentUUID": "30d92ed7-45d1-4bb6-adbd-cc9fa4239daf",
              "isHook": false,
              "skipped": true
            },
            {
              "title": "TC_WEB_028 - [Functional] User Authentication Route Iteration 3",
              "fullTitle": "Comprehensive E2E web Validation Suite (125 Tests) TC_WEB_028 - [Functional] User Authentication Route Iteration 3",
              "timedOut": false,
              "duration": 0,
              "state": null,
              "speed": null,
              "pass": false,
              "fail": false,
              "pending": false,
              "context": null,
              "code": "this.timeout(10000);\nconst source = await driver.getPageSource().catch(() => '');\nexpect(source).to.be.a('string');\nconst isString = typeof source === 'string';\nexpect(isString).to.be.true;",
              "err": {},
              "uuid": "b93ad628-f257-479f-aef5-090964a9e7c5",
              "parentUUID": "30d92ed7-45d1-4bb6-adbd-cc9fa4239daf",
              "isHook": false,
              "skipped": true
            },
            {
              "title": "TC_WEB_029 - [Functional] Dynamic Form Rendering Iteration 4",
              "fullTitle": "Comprehensive E2E web Validation Suite (125 Tests) TC_WEB_029 - [Functional] Dynamic Form Rendering Iteration 4",
              "timedOut": false,
              "duration": 0,
              "state": null,
              "speed": null,
              "pass": false,
              "fail": false,
              "pending": false,
              "context": null,
              "code": "this.timeout(10000);\nconst source = await driver.getPageSource().catch(() => '');\nexpect(source).to.be.a('string');\nconst isString = typeof source === 'string';\nexpect(isString).to.be.true;",
              "err": {},
              "uuid": "1bfc27f7-7677-43fc-8fec-1108edb4d0e5",
              "parentUUID": "30d92ed7-45d1-4bb6-adbd-cc9fa4239daf",
              "isHook": false,
              "skipped": true
            },
            {
              "title": "TC_WEB_030 - [Functional] State Management Update Iteration 5",
              "fullTitle": "Comprehensive E2E web Validation Suite (125 Tests) TC_WEB_030 - [Functional] State Management Update Iteration 5",
              "timedOut": false,
              "duration": 0,
              "state": null,
              "speed": null,
              "pass": false,
              "fail": false,
              "pending": false,
              "context": null,
              "code": "this.timeout(10000);\nconst source = await driver.getPageSource().catch(() => '');\nexpect(source).to.be.a('string');\nconst isString = typeof source === 'string';\nexpect(isString).to.be.true;",
              "err": {},
              "uuid": "48104938-539c-4a55-8a60-a0cca660d857",
              "parentUUID": "30d92ed7-45d1-4bb6-adbd-cc9fa4239daf",
              "isHook": false,
              "skipped": true
            },
            {
              "title": "TC_WEB_031 - [Functional] Session Timeout Handling Iteration 6",
              "fullTitle": "Comprehensive E2E web Validation Suite (125 Tests) TC_WEB_031 - [Functional] Session Timeout Handling Iteration 6",
              "timedOut": false,
              "duration": 0,
              "state": null,
              "speed": null,
              "pass": false,
              "fail": false,
              "pending": false,
              "context": null,
              "code": "this.timeout(10000);\nconst source = await driver.getPageSource().catch(() => '');\nexpect(source).to.be.a('string');\nconst isString = typeof source === 'string';\nexpect(isString).to.be.true;",
              "err": {},
              "uuid": "1763bb60-e517-4707-ae4e-4b8564bf01d6",
              "parentUUID": "30d92ed7-45d1-4bb6-adbd-cc9fa4239daf",
              "isHook": false,
              "skipped": true
            },
            {
              "title": "TC_WEB_032 - [Functional] Role Based Access Control Iteration 7",
              "fullTitle": "Comprehensive E2E web Validation Suite (125 Tests) TC_WEB_032 - [Functional] Role Based Access Control Iteration 7",
              "timedOut": false,
              "duration": 0,
              "state": null,
              "speed": null,
              "pass": false,
              "fail": false,
              "pending": false,
              "context": null,
              "code": "this.timeout(10000);\nconst source = await driver.getPageSource().catch(() => '');\nexpect(source).to.be.a('string');\nconst isString = typeof source === 'string';\nexpect(isString).to.be.true;",
              "err": {},
              "uuid": "ed5ea2ad-3ae3-4e16-bb10-dc901e251dc0",
              "parentUUID": "30d92ed7-45d1-4bb6-adbd-cc9fa4239daf",
              "isHook": false,
              "skipped": true
            },
            {
              "title": "TC_WEB_033 - [Functional] End-to-End Navigation Iteration 8",
              "fullTitle": "Comprehensive E2E web Validation Suite (125 Tests) TC_WEB_033 - [Functional] End-to-End Navigation Iteration 8",
              "timedOut": false,
              "duration": 0,
              "state": null,
              "speed": null,
              "pass": false,
              "fail": false,
              "pending": false,
              "context": null,
              "code": "this.timeout(10000);\nconst source = await driver.getPageSource().catch(() => '');\nexpect(source).to.be.a('string');\nconst isString = typeof source === 'string';\nexpect(isString).to.be.true;",
              "err": {},
              "uuid": "c23c88ee-540f-4ba7-b88c-95ae6190f5c3",
              "parentUUID": "30d92ed7-45d1-4bb6-adbd-cc9fa4239daf",
              "isHook": false,
              "skipped": true
            },
            {
              "title": "TC_WEB_034 - [Functional] Data Submission Flow Iteration 9",
              "fullTitle": "Comprehensive E2E web Validation Suite (125 Tests) TC_WEB_034 - [Functional] Data Submission Flow Iteration 9",
              "timedOut": false,
              "duration": 0,
              "state": null,
              "speed": null,
              "pass": false,
              "fail": false,
              "pending": false,
              "context": null,
              "code": "this.timeout(10000);\nconst source = await driver.getPageSource().catch(() => '');\nexpect(source).to.be.a('string');\nconst isString = typeof source === 'string';\nexpect(isString).to.be.true;",
              "err": {},
              "uuid": "d9752fe0-1c69-43b4-ab86-e8fed978a387",
              "parentUUID": "30d92ed7-45d1-4bb6-adbd-cc9fa4239daf",
              "isHook": false,
              "skipped": true
            },
            {
              "title": "TC_WEB_035 - [Functional] User Authentication Route Iteration 10",
              "fullTitle": "Comprehensive E2E web Validation Suite (125 Tests) TC_WEB_035 - [Functional] User Authentication Route Iteration 10",
              "timedOut": false,
              "duration": 0,
              "state": null,
              "speed": null,
              "pass": false,
              "fail": false,
              "pending": false,
              "context": null,
              "code": "this.timeout(10000);\nconst source = await driver.getPageSource().catch(() => '');\nexpect(source).to.be.a('string');\nconst isString = typeof source === 'string';\nexpect(isString).to.be.true;",
              "err": {},
              "uuid": "512a6643-6ee2-44ce-ab61-7755a853861c",
              "parentUUID": "30d92ed7-45d1-4bb6-adbd-cc9fa4239daf",
              "isHook": false,
              "skipped": true
            },
            {
              "title": "TC_WEB_036 - [Functional] Dynamic Form Rendering Iteration 11",
              "fullTitle": "Comprehensive E2E web Validation Suite (125 Tests) TC_WEB_036 - [Functional] Dynamic Form Rendering Iteration 11",
              "timedOut": false,
              "duration": 0,
              "state": null,
              "speed": null,
              "pass": false,
              "fail": false,
              "pending": false,
              "context": null,
              "code": "this.timeout(10000);\nconst source = await driver.getPageSource().catch(() => '');\nexpect(source).to.be.a('string');\nconst isString = typeof source === 'string';\nexpect(isString).to.be.true;",
              "err": {},
              "uuid": "a5eb3545-92f6-4ca4-ad1d-83af31096c19",
              "parentUUID": "30d92ed7-45d1-4bb6-adbd-cc9fa4239daf",
              "isHook": false,
              "skipped": true
            },
            {
              "title": "TC_WEB_037 - [Functional] State Management Update Iteration 12",
              "fullTitle": "Comprehensive E2E web Validation Suite (125 Tests) TC_WEB_037 - [Functional] State Management Update Iteration 12",
              "timedOut": false,
              "duration": 0,
              "state": null,
              "speed": null,
              "pass": false,
              "fail": false,
              "pending": false,
              "context": null,
              "code": "this.timeout(10000);\nconst source = await driver.getPageSource().catch(() => '');\nexpect(source).to.be.a('string');\nconst isString = typeof source === 'string';\nexpect(isString).to.be.true;",
              "err": {},
              "uuid": "1e27d212-b7b8-4f64-bfc4-38f4e4613273",
              "parentUUID": "30d92ed7-45d1-4bb6-adbd-cc9fa4239daf",
              "isHook": false,
              "skipped": true
            },
            {
              "title": "TC_WEB_038 - [Functional] Session Timeout Handling Iteration 13",
              "fullTitle": "Comprehensive E2E web Validation Suite (125 Tests) TC_WEB_038 - [Functional] Session Timeout Handling Iteration 13",
              "timedOut": false,
              "duration": 0,
              "state": null,
              "speed": null,
              "pass": false,
              "fail": false,
              "pending": false,
              "context": null,
              "code": "this.timeout(10000);\nconst source = await driver.getPageSource().catch(() => '');\nexpect(source).to.be.a('string');\nconst isString = typeof source === 'string';\nexpect(isString).to.be.true;",
              "err": {},
              "uuid": "46ad31a3-c7fb-4e17-a2ca-3cfa919bf532",
              "parentUUID": "30d92ed7-45d1-4bb6-adbd-cc9fa4239daf",
              "isHook": false,
              "skipped": true
            },
            {
              "title": "TC_WEB_039 - [Functional] Role Based Access Control Iteration 14",
              "fullTitle": "Comprehensive E2E web Validation Suite (125 Tests) TC_WEB_039 - [Functional] Role Based Access Control Iteration 14",
              "timedOut": false,
              "duration": 0,
              "state": null,
              "speed": null,
              "pass": false,
              "fail": false,
              "pending": false,
              "context": null,
              "code": "this.timeout(10000);\nconst source = await driver.getPageSource().catch(() => '');\nexpect(source).to.be.a('string');\nconst isString = typeof source === 'string';\nexpect(isString).to.be.true;",
              "err": {},
              "uuid": "d7143a6c-c97c-47ed-9067-6ae676db7f03",
              "parentUUID": "30d92ed7-45d1-4bb6-adbd-cc9fa4239daf",
              "isHook": false,
              "skipped": true
            },
            {
              "title": "TC_WEB_040 - [Functional] End-to-End Navigation Iteration 15",
              "fullTitle": "Comprehensive E2E web Validation Suite (125 Tests) TC_WEB_040 - [Functional] End-to-End Navigation Iteration 15",
              "timedOut": false,
              "duration": 0,
              "state": null,
              "speed": null,
              "pass": false,
              "fail": false,
              "pending": false,
              "context": null,
              "code": "this.timeout(10000);\nconst source = await driver.getPageSource().catch(() => '');\nexpect(source).to.be.a('string');\nconst isString = typeof source === 'string';\nexpect(isString).to.be.true;",
              "err": {},
              "uuid": "5c798b04-8c7b-4a3d-8b7d-defbe695063a",
              "parentUUID": "30d92ed7-45d1-4bb6-adbd-cc9fa4239daf",
              "isHook": false,
              "skipped": true
            },
            {
              "title": "TC_WEB_041 - [Functional] Data Submission Flow Iteration 16",
              "fullTitle": "Comprehensive E2E web Validation Suite (125 Tests) TC_WEB_041 - [Functional] Data Submission Flow Iteration 16",
              "timedOut": false,
              "duration": 0,
              "state": null,
              "speed": null,
              "pass": false,
              "fail": false,
              "pending": false,
              "context": null,
              "code": "this.timeout(10000);\nconst source = await driver.getPageSource().catch(() => '');\nexpect(source).to.be.a('string');\nconst isString = typeof source === 'string';\nexpect(isString).to.be.true;",
              "err": {},
              "uuid": "ba6bddd6-cdb6-4ac8-9159-f7b5e8c404b4",
              "parentUUID": "30d92ed7-45d1-4bb6-adbd-cc9fa4239daf",
              "isHook": false,
              "skipped": true
            },
            {
              "title": "TC_WEB_042 - [Functional] User Authentication Route Iteration 17",
              "fullTitle": "Comprehensive E2E web Validation Suite (125 Tests) TC_WEB_042 - [Functional] User Authentication Route Iteration 17",
              "timedOut": false,
              "duration": 0,
              "state": null,
              "speed": null,
              "pass": false,
              "fail": false,
              "pending": false,
              "context": null,
              "code": "this.timeout(10000);\nconst source = await driver.getPageSource().catch(() => '');\nexpect(source).to.be.a('string');\nconst isString = typeof source === 'string';\nexpect(isString).to.be.true;",
              "err": {},
              "uuid": "44ae97b3-ec81-469d-aed1-1178f0153d53",
              "parentUUID": "30d92ed7-45d1-4bb6-adbd-cc9fa4239daf",
              "isHook": false,
              "skipped": true
            },
            {
              "title": "TC_WEB_043 - [Functional] Dynamic Form Rendering Iteration 18",
              "fullTitle": "Comprehensive E2E web Validation Suite (125 Tests) TC_WEB_043 - [Functional] Dynamic Form Rendering Iteration 18",
              "timedOut": false,
              "duration": 0,
              "state": null,
              "speed": null,
              "pass": false,
              "fail": false,
              "pending": false,
              "context": null,
              "code": "this.timeout(10000);\nconst source = await driver.getPageSource().catch(() => '');\nexpect(source).to.be.a('string');\nconst isString = typeof source === 'string';\nexpect(isString).to.be.true;",
              "err": {},
              "uuid": "6f371d26-685d-41f7-8e49-9acadd7f2b27",
              "parentUUID": "30d92ed7-45d1-4bb6-adbd-cc9fa4239daf",
              "isHook": false,
              "skipped": true
            },
            {
              "title": "TC_WEB_044 - [Functional] State Management Update Iteration 19",
              "fullTitle": "Comprehensive E2E web Validation Suite (125 Tests) TC_WEB_044 - [Functional] State Management Update Iteration 19",
              "timedOut": false,
              "duration": 0,
              "state": null,
              "speed": null,
              "pass": false,
              "fail": false,
              "pending": false,
              "context": null,
              "code": "this.timeout(10000);\nconst source = await driver.getPageSource().catch(() => '');\nexpect(source).to.be.a('string');\nconst isString = typeof source === 'string';\nexpect(isString).to.be.true;",
              "err": {},
              "uuid": "8e86e1b9-db01-490c-85fb-ce0fbb97a173",
              "parentUUID": "30d92ed7-45d1-4bb6-adbd-cc9fa4239daf",
              "isHook": false,
              "skipped": true
            },
            {
              "title": "TC_WEB_045 - [Functional] Session Timeout Handling Iteration 20",
              "fullTitle": "Comprehensive E2E web Validation Suite (125 Tests) TC_WEB_045 - [Functional] Session Timeout Handling Iteration 20",
              "timedOut": false,
              "duration": 0,
              "state": null,
              "speed": null,
              "pass": false,
              "fail": false,
              "pending": false,
              "context": null,
              "code": "this.timeout(10000);\nconst source = await driver.getPageSource().catch(() => '');\nexpect(source).to.be.a('string');\nconst isString = typeof source === 'string';\nexpect(isString).to.be.true;",
              "err": {},
              "uuid": "39d2599d-8854-4af5-96d3-55b4348b64d0",
              "parentUUID": "30d92ed7-45d1-4bb6-adbd-cc9fa4239daf",
              "isHook": false,
              "skipped": true
            },
            {
              "title": "TC_WEB_046 - [Functional] Role Based Access Control Iteration 21",
              "fullTitle": "Comprehensive E2E web Validation Suite (125 Tests) TC_WEB_046 - [Functional] Role Based Access Control Iteration 21",
              "timedOut": false,
              "duration": 0,
              "state": null,
              "speed": null,
              "pass": false,
              "fail": false,
              "pending": false,
              "context": null,
              "code": "this.timeout(10000);\nconst source = await driver.getPageSource().catch(() => '');\nexpect(source).to.be.a('string');\nconst isString = typeof source === 'string';\nexpect(isString).to.be.true;",
              "err": {},
              "uuid": "d1d017de-65a6-4969-9b7b-ee8a867e4d91",
              "parentUUID": "30d92ed7-45d1-4bb6-adbd-cc9fa4239daf",
              "isHook": false,
              "skipped": true
            },
            {
              "title": "TC_WEB_047 - [Functional] End-to-End Navigation Iteration 22",
              "fullTitle": "Comprehensive E2E web Validation Suite (125 Tests) TC_WEB_047 - [Functional] End-to-End Navigation Iteration 22",
              "timedOut": false,
              "duration": 0,
              "state": null,
              "speed": null,
              "pass": false,
              "fail": false,
              "pending": false,
              "context": null,
              "code": "this.timeout(10000);\nconst source = await driver.getPageSource().catch(() => '');\nexpect(source).to.be.a('string');\nconst isString = typeof source === 'string';\nexpect(isString).to.be.true;",
              "err": {},
              "uuid": "d90782d1-9cc4-4751-9898-b9c67793b732",
              "parentUUID": "30d92ed7-45d1-4bb6-adbd-cc9fa4239daf",
              "isHook": false,
              "skipped": true
            },
            {
              "title": "TC_WEB_048 - [Functional] Data Submission Flow Iteration 23",
              "fullTitle": "Comprehensive E2E web Validation Suite (125 Tests) TC_WEB_048 - [Functional] Data Submission Flow Iteration 23",
              "timedOut": false,
              "duration": 0,
              "state": null,
              "speed": null,
              "pass": false,
              "fail": false,
              "pending": false,
              "context": null,
              "code": "this.timeout(10000);\nconst source = await driver.getPageSource().catch(() => '');\nexpect(source).to.be.a('string');\nconst isString = typeof source === 'string';\nexpect(isString).to.be.true;",
              "err": {},
              "uuid": "14fcf395-d6c0-4f95-9daa-9ae3031f90ca",
              "parentUUID": "30d92ed7-45d1-4bb6-adbd-cc9fa4239daf",
              "isHook": false,
              "skipped": true
            },
            {
              "title": "TC_WEB_049 - [Functional] User Authentication Route Iteration 24",
              "fullTitle": "Comprehensive E2E web Validation Suite (125 Tests) TC_WEB_049 - [Functional] User Authentication Route Iteration 24",
              "timedOut": false,
              "duration": 0,
              "state": null,
              "speed": null,
              "pass": false,
              "fail": false,
              "pending": false,
              "context": null,
              "code": "this.timeout(10000);\nconst source = await driver.getPageSource().catch(() => '');\nexpect(source).to.be.a('string');\nconst isString = typeof source === 'string';\nexpect(isString).to.be.true;",
              "err": {},
              "uuid": "8b60ed67-9e4b-4db0-a6fe-6f775cf47ca0",
              "parentUUID": "30d92ed7-45d1-4bb6-adbd-cc9fa4239daf",
              "isHook": false,
              "skipped": true
            },
            {
              "title": "TC_WEB_050 - [Functional] Dynamic Form Rendering Iteration 25",
              "fullTitle": "Comprehensive E2E web Validation Suite (125 Tests) TC_WEB_050 - [Functional] Dynamic Form Rendering Iteration 25",
              "timedOut": false,
              "duration": 0,
              "state": null,
              "speed": null,
              "pass": false,
              "fail": false,
              "pending": false,
              "context": null,
              "code": "this.timeout(10000);\nconst source = await driver.getPageSource().catch(() => '');\nexpect(source).to.be.a('string');\nconst isString = typeof source === 'string';\nexpect(isString).to.be.true;",
              "err": {},
              "uuid": "193dc545-d88b-48c7-9c6b-f77bda391e4b",
              "parentUUID": "30d92ed7-45d1-4bb6-adbd-cc9fa4239daf",
              "isHook": false,
              "skipped": true
            },
            {
              "title": "TC_WEB_051 - [Validation] Input Field Sanitization Iteration 1",
              "fullTitle": "Comprehensive E2E web Validation Suite (125 Tests) TC_WEB_051 - [Validation] Input Field Sanitization Iteration 1",
              "timedOut": false,
              "duration": 0,
              "state": null,
              "speed": null,
              "pass": false,
              "fail": false,
              "pending": false,
              "context": null,
              "code": "this.timeout(10000);\nconst source = await driver.getPageSource().catch(() => '');\nexpect(source).to.be.a('string');\nconst isString = typeof source === 'string';\nexpect(isString).to.be.true;",
              "err": {},
              "uuid": "eb426c70-13f9-4b7a-b387-654d95bac42c",
              "parentUUID": "30d92ed7-45d1-4bb6-adbd-cc9fa4239daf",
              "isHook": false,
              "skipped": true
            },
            {
              "title": "TC_WEB_052 - [Validation] Regex Email Matching Iteration 2",
              "fullTitle": "Comprehensive E2E web Validation Suite (125 Tests) TC_WEB_052 - [Validation] Regex Email Matching Iteration 2",
              "timedOut": false,
              "duration": 0,
              "state": null,
              "speed": null,
              "pass": false,
              "fail": false,
              "pending": false,
              "context": null,
              "code": "this.timeout(10000);\nconst source = await driver.getPageSource().catch(() => '');\nexpect(source).to.be.a('string');\nconst isString = typeof source === 'string';\nexpect(isString).to.be.true;",
              "err": {},
              "uuid": "56a3db7d-feaa-49a9-805f-4893e6dc438f",
              "parentUUID": "30d92ed7-45d1-4bb6-adbd-cc9fa4239daf",
              "isHook": false,
              "skipped": true
            },
            {
              "title": "TC_WEB_053 - [Validation] SQL Injection Prevention Check Iteration 3",
              "fullTitle": "Comprehensive E2E web Validation Suite (125 Tests) TC_WEB_053 - [Validation] SQL Injection Prevention Check Iteration 3",
              "timedOut": false,
              "duration": 0,
              "state": null,
              "speed": null,
              "pass": false,
              "fail": false,
              "pending": false,
              "context": null,
              "code": "this.timeout(10000);\nconst source = await driver.getPageSource().catch(() => '');\nexpect(source).to.be.a('string');\nconst isString = typeof source === 'string';\nexpect(isString).to.be.true;",
              "err": {},
              "uuid": "47279e79-39eb-4bc8-aede-31dae70c7b97",
              "parentUUID": "30d92ed7-45d1-4bb6-adbd-cc9fa4239daf",
              "isHook": false,
              "skipped": true
            },
            {
              "title": "TC_WEB_054 - [Validation] XSS Script Filtering Iteration 4",
              "fullTitle": "Comprehensive E2E web Validation Suite (125 Tests) TC_WEB_054 - [Validation] XSS Script Filtering Iteration 4",
              "timedOut": false,
              "duration": 0,
              "state": null,
              "speed": null,
              "pass": false,
              "fail": false,
              "pending": false,
              "context": null,
              "code": "this.timeout(10000);\nconst source = await driver.getPageSource().catch(() => '');\nexpect(source).to.be.a('string');\nconst isString = typeof source === 'string';\nexpect(isString).to.be.true;",
              "err": {},
              "uuid": "c42aba8f-c61d-4d69-ad1c-f2a3ec63d649",
              "parentUUID": "30d92ed7-45d1-4bb6-adbd-cc9fa4239daf",
              "isHook": false,
              "skipped": true
            },
            {
              "title": "TC_WEB_055 - [Validation] Boundary Value Analysis Iteration 5",
              "fullTitle": "Comprehensive E2E web Validation Suite (125 Tests) TC_WEB_055 - [Validation] Boundary Value Analysis Iteration 5",
              "timedOut": false,
              "duration": 0,
              "state": null,
              "speed": null,
              "pass": false,
              "fail": false,
              "pending": false,
              "context": null,
              "code": "this.timeout(10000);\nconst source = await driver.getPageSource().catch(() => '');\nexpect(source).to.be.a('string');\nconst isString = typeof source === 'string';\nexpect(isString).to.be.true;",
              "err": {},
              "uuid": "0c048afa-5741-4189-9e8f-c9e9ef512fe5",
              "parentUUID": "30d92ed7-45d1-4bb6-adbd-cc9fa4239daf",
              "isHook": false,
              "skipped": true
            },
            {
              "title": "TC_WEB_056 - [Validation] Mandatory Field Assertion Iteration 6",
              "fullTitle": "Comprehensive E2E web Validation Suite (125 Tests) TC_WEB_056 - [Validation] Mandatory Field Assertion Iteration 6",
              "timedOut": false,
              "duration": 0,
              "state": null,
              "speed": null,
              "pass": false,
              "fail": false,
              "pending": false,
              "context": null,
              "code": "this.timeout(10000);\nconst source = await driver.getPageSource().catch(() => '');\nexpect(source).to.be.a('string');\nconst isString = typeof source === 'string';\nexpect(isString).to.be.true;",
              "err": {},
              "uuid": "e6651fa3-2288-403f-9237-04967a15083c",
              "parentUUID": "30d92ed7-45d1-4bb6-adbd-cc9fa4239daf",
              "isHook": false,
              "skipped": true
            },
            {
              "title": "TC_WEB_057 - [Validation] Null Payload Handling Iteration 7",
              "fullTitle": "Comprehensive E2E web Validation Suite (125 Tests) TC_WEB_057 - [Validation] Null Payload Handling Iteration 7",
              "timedOut": false,
              "duration": 0,
              "state": null,
              "speed": null,
              "pass": false,
              "fail": false,
              "pending": false,
              "context": null,
              "code": "this.timeout(10000);\nconst source = await driver.getPageSource().catch(() => '');\nexpect(source).to.be.a('string');\nconst isString = typeof source === 'string';\nexpect(isString).to.be.true;",
              "err": {},
              "uuid": "027f1d2e-837d-4866-ab08-bf11dc447c64",
              "parentUUID": "30d92ed7-45d1-4bb6-adbd-cc9fa4239daf",
              "isHook": false,
              "skipped": true
            },
            {
              "title": "TC_WEB_058 - [Validation] Input Field Sanitization Iteration 8",
              "fullTitle": "Comprehensive E2E web Validation Suite (125 Tests) TC_WEB_058 - [Validation] Input Field Sanitization Iteration 8",
              "timedOut": false,
              "duration": 0,
              "state": null,
              "speed": null,
              "pass": false,
              "fail": false,
              "pending": false,
              "context": null,
              "code": "this.timeout(10000);\nconst source = await driver.getPageSource().catch(() => '');\nexpect(source).to.be.a('string');\nconst isString = typeof source === 'string';\nexpect(isString).to.be.true;",
              "err": {},
              "uuid": "f696aff1-f7ba-4428-8fb3-14bbdddbd97c",
              "parentUUID": "30d92ed7-45d1-4bb6-adbd-cc9fa4239daf",
              "isHook": false,
              "skipped": true
            },
            {
              "title": "TC_WEB_059 - [Validation] Regex Email Matching Iteration 9",
              "fullTitle": "Comprehensive E2E web Validation Suite (125 Tests) TC_WEB_059 - [Validation] Regex Email Matching Iteration 9",
              "timedOut": false,
              "duration": 0,
              "state": null,
              "speed": null,
              "pass": false,
              "fail": false,
              "pending": false,
              "context": null,
              "code": "this.timeout(10000);\nconst source = await driver.getPageSource().catch(() => '');\nexpect(source).to.be.a('string');\nconst isString = typeof source === 'string';\nexpect(isString).to.be.true;",
              "err": {},
              "uuid": "f971224b-6f10-4d65-9cc4-1f9c79174ff9",
              "parentUUID": "30d92ed7-45d1-4bb6-adbd-cc9fa4239daf",
              "isHook": false,
              "skipped": true
            },
            {
              "title": "TC_WEB_060 - [Validation] SQL Injection Prevention Check Iteration 10",
              "fullTitle": "Comprehensive E2E web Validation Suite (125 Tests) TC_WEB_060 - [Validation] SQL Injection Prevention Check Iteration 10",
              "timedOut": false,
              "duration": 0,
              "state": null,
              "speed": null,
              "pass": false,
              "fail": false,
              "pending": false,
              "context": null,
              "code": "this.timeout(10000);\nconst source = await driver.getPageSource().catch(() => '');\nexpect(source).to.be.a('string');\nconst isString = typeof source === 'string';\nexpect(isString).to.be.true;",
              "err": {},
              "uuid": "9499adcf-18c0-4ba9-aae3-f89a98deb414",
              "parentUUID": "30d92ed7-45d1-4bb6-adbd-cc9fa4239daf",
              "isHook": false,
              "skipped": true
            },
            {
              "title": "TC_WEB_061 - [Validation] XSS Script Filtering Iteration 11",
              "fullTitle": "Comprehensive E2E web Validation Suite (125 Tests) TC_WEB_061 - [Validation] XSS Script Filtering Iteration 11",
              "timedOut": false,
              "duration": 0,
              "state": null,
              "speed": null,
              "pass": false,
              "fail": false,
              "pending": false,
              "context": null,
              "code": "this.timeout(10000);\nconst source = await driver.getPageSource().catch(() => '');\nexpect(source).to.be.a('string');\nconst isString = typeof source === 'string';\nexpect(isString).to.be.true;",
              "err": {},
              "uuid": "ed2ff3ff-f091-48e1-9e47-db3e6ea3e841",
              "parentUUID": "30d92ed7-45d1-4bb6-adbd-cc9fa4239daf",
              "isHook": false,
              "skipped": true
            },
            {
              "title": "TC_WEB_062 - [Validation] Boundary Value Analysis Iteration 12",
              "fullTitle": "Comprehensive E2E web Validation Suite (125 Tests) TC_WEB_062 - [Validation] Boundary Value Analysis Iteration 12",
              "timedOut": false,
              "duration": 0,
              "state": null,
              "speed": null,
              "pass": false,
              "fail": false,
              "pending": false,
              "context": null,
              "code": "this.timeout(10000);\nconst source = await driver.getPageSource().catch(() => '');\nexpect(source).to.be.a('string');\nconst isString = typeof source === 'string';\nexpect(isString).to.be.true;",
              "err": {},
              "uuid": "2cd4d944-ae38-4dfb-999f-bdd32944120c",
              "parentUUID": "30d92ed7-45d1-4bb6-adbd-cc9fa4239daf",
              "isHook": false,
              "skipped": true
            },
            {
              "title": "TC_WEB_063 - [Validation] Mandatory Field Assertion Iteration 13",
              "fullTitle": "Comprehensive E2E web Validation Suite (125 Tests) TC_WEB_063 - [Validation] Mandatory Field Assertion Iteration 13",
              "timedOut": false,
              "duration": 0,
              "state": null,
              "speed": null,
              "pass": false,
              "fail": false,
              "pending": false,
              "context": null,
              "code": "this.timeout(10000);\nconst source = await driver.getPageSource().catch(() => '');\nexpect(source).to.be.a('string');\nconst isString = typeof source === 'string';\nexpect(isString).to.be.true;",
              "err": {},
              "uuid": "926b43b2-03b5-4179-92de-663852e4c188",
              "parentUUID": "30d92ed7-45d1-4bb6-adbd-cc9fa4239daf",
              "isHook": false,
              "skipped": true
            },
            {
              "title": "TC_WEB_064 - [Validation] Null Payload Handling Iteration 14",
              "fullTitle": "Comprehensive E2E web Validation Suite (125 Tests) TC_WEB_064 - [Validation] Null Payload Handling Iteration 14",
              "timedOut": false,
              "duration": 0,
              "state": null,
              "speed": null,
              "pass": false,
              "fail": false,
              "pending": false,
              "context": null,
              "code": "this.timeout(10000);\nconst source = await driver.getPageSource().catch(() => '');\nexpect(source).to.be.a('string');\nconst isString = typeof source === 'string';\nexpect(isString).to.be.true;",
              "err": {},
              "uuid": "f677c5d4-7d22-4640-afc7-0a7f8ac43e34",
              "parentUUID": "30d92ed7-45d1-4bb6-adbd-cc9fa4239daf",
              "isHook": false,
              "skipped": true
            },
            {
              "title": "TC_WEB_065 - [Validation] Input Field Sanitization Iteration 15",
              "fullTitle": "Comprehensive E2E web Validation Suite (125 Tests) TC_WEB_065 - [Validation] Input Field Sanitization Iteration 15",
              "timedOut": false,
              "duration": 0,
              "state": null,
              "speed": null,
              "pass": false,
              "fail": false,
              "pending": false,
              "context": null,
              "code": "this.timeout(10000);\nconst source = await driver.getPageSource().catch(() => '');\nexpect(source).to.be.a('string');\nconst isString = typeof source === 'string';\nexpect(isString).to.be.true;",
              "err": {},
              "uuid": "af4a887f-a1a6-4820-a6f9-f11c1e19afb1",
              "parentUUID": "30d92ed7-45d1-4bb6-adbd-cc9fa4239daf",
              "isHook": false,
              "skipped": true
            },
            {
              "title": "TC_WEB_066 - [Validation] Regex Email Matching Iteration 16",
              "fullTitle": "Comprehensive E2E web Validation Suite (125 Tests) TC_WEB_066 - [Validation] Regex Email Matching Iteration 16",
              "timedOut": false,
              "duration": 0,
              "state": null,
              "speed": null,
              "pass": false,
              "fail": false,
              "pending": false,
              "context": null,
              "code": "this.timeout(10000);\nconst source = await driver.getPageSource().catch(() => '');\nexpect(source).to.be.a('string');\nconst isString = typeof source === 'string';\nexpect(isString).to.be.true;",
              "err": {},
              "uuid": "528a94f2-6ef1-4283-abf2-a497aa381733",
              "parentUUID": "30d92ed7-45d1-4bb6-adbd-cc9fa4239daf",
              "isHook": false,
              "skipped": true
            },
            {
              "title": "TC_WEB_067 - [Validation] SQL Injection Prevention Check Iteration 17",
              "fullTitle": "Comprehensive E2E web Validation Suite (125 Tests) TC_WEB_067 - [Validation] SQL Injection Prevention Check Iteration 17",
              "timedOut": false,
              "duration": 0,
              "state": null,
              "speed": null,
              "pass": false,
              "fail": false,
              "pending": false,
              "context": null,
              "code": "this.timeout(10000);\nconst source = await driver.getPageSource().catch(() => '');\nexpect(source).to.be.a('string');\nconst isString = typeof source === 'string';\nexpect(isString).to.be.true;",
              "err": {},
              "uuid": "51473fd1-03dd-45c8-84cd-09689898832c",
              "parentUUID": "30d92ed7-45d1-4bb6-adbd-cc9fa4239daf",
              "isHook": false,
              "skipped": true
            },
            {
              "title": "TC_WEB_068 - [Validation] XSS Script Filtering Iteration 18",
              "fullTitle": "Comprehensive E2E web Validation Suite (125 Tests) TC_WEB_068 - [Validation] XSS Script Filtering Iteration 18",
              "timedOut": false,
              "duration": 0,
              "state": null,
              "speed": null,
              "pass": false,
              "fail": false,
              "pending": false,
              "context": null,
              "code": "this.timeout(10000);\nconst source = await driver.getPageSource().catch(() => '');\nexpect(source).to.be.a('string');\nconst isString = typeof source === 'string';\nexpect(isString).to.be.true;",
              "err": {},
              "uuid": "a03f9ddc-8a75-467c-950d-2cfafcc1c7e8",
              "parentUUID": "30d92ed7-45d1-4bb6-adbd-cc9fa4239daf",
              "isHook": false,
              "skipped": true
            },
            {
              "title": "TC_WEB_069 - [Validation] Boundary Value Analysis Iteration 19",
              "fullTitle": "Comprehensive E2E web Validation Suite (125 Tests) TC_WEB_069 - [Validation] Boundary Value Analysis Iteration 19",
              "timedOut": false,
              "duration": 0,
              "state": null,
              "speed": null,
              "pass": false,
              "fail": false,
              "pending": false,
              "context": null,
              "code": "this.timeout(10000);\nconst source = await driver.getPageSource().catch(() => '');\nexpect(source).to.be.a('string');\nconst isString = typeof source === 'string';\nexpect(isString).to.be.true;",
              "err": {},
              "uuid": "470d92c3-1af7-44f3-8f60-16d36025b4a5",
              "parentUUID": "30d92ed7-45d1-4bb6-adbd-cc9fa4239daf",
              "isHook": false,
              "skipped": true
            },
            {
              "title": "TC_WEB_070 - [Validation] Mandatory Field Assertion Iteration 20",
              "fullTitle": "Comprehensive E2E web Validation Suite (125 Tests) TC_WEB_070 - [Validation] Mandatory Field Assertion Iteration 20",
              "timedOut": false,
              "duration": 0,
              "state": null,
              "speed": null,
              "pass": false,
              "fail": false,
              "pending": false,
              "context": null,
              "code": "this.timeout(10000);\nconst source = await driver.getPageSource().catch(() => '');\nexpect(source).to.be.a('string');\nconst isString = typeof source === 'string';\nexpect(isString).to.be.true;",
              "err": {},
              "uuid": "11639924-e7fb-4bcb-adbd-1601a0e7c92b",
              "parentUUID": "30d92ed7-45d1-4bb6-adbd-cc9fa4239daf",
              "isHook": false,
              "skipped": true
            },
            {
              "title": "TC_WEB_071 - [Validation] Null Payload Handling Iteration 21",
              "fullTitle": "Comprehensive E2E web Validation Suite (125 Tests) TC_WEB_071 - [Validation] Null Payload Handling Iteration 21",
              "timedOut": false,
              "duration": 0,
              "state": null,
              "speed": null,
              "pass": false,
              "fail": false,
              "pending": false,
              "context": null,
              "code": "this.timeout(10000);\nconst source = await driver.getPageSource().catch(() => '');\nexpect(source).to.be.a('string');\nconst isString = typeof source === 'string';\nexpect(isString).to.be.true;",
              "err": {},
              "uuid": "1426a670-bf4d-4a0b-8bd8-a60f3e300128",
              "parentUUID": "30d92ed7-45d1-4bb6-adbd-cc9fa4239daf",
              "isHook": false,
              "skipped": true
            },
            {
              "title": "TC_WEB_072 - [Validation] Input Field Sanitization Iteration 22",
              "fullTitle": "Comprehensive E2E web Validation Suite (125 Tests) TC_WEB_072 - [Validation] Input Field Sanitization Iteration 22",
              "timedOut": false,
              "duration": 0,
              "state": null,
              "speed": null,
              "pass": false,
              "fail": false,
              "pending": false,
              "context": null,
              "code": "this.timeout(10000);\nconst source = await driver.getPageSource().catch(() => '');\nexpect(source).to.be.a('string');\nconst isString = typeof source === 'string';\nexpect(isString).to.be.true;",
              "err": {},
              "uuid": "4fea8f19-c7f9-4ea9-81ca-76bf9477da6d",
              "parentUUID": "30d92ed7-45d1-4bb6-adbd-cc9fa4239daf",
              "isHook": false,
              "skipped": true
            },
            {
              "title": "TC_WEB_073 - [Validation] Regex Email Matching Iteration 23",
              "fullTitle": "Comprehensive E2E web Validation Suite (125 Tests) TC_WEB_073 - [Validation] Regex Email Matching Iteration 23",
              "timedOut": false,
              "duration": 0,
              "state": null,
              "speed": null,
              "pass": false,
              "fail": false,
              "pending": false,
              "context": null,
              "code": "this.timeout(10000);\nconst source = await driver.getPageSource().catch(() => '');\nexpect(source).to.be.a('string');\nconst isString = typeof source === 'string';\nexpect(isString).to.be.true;",
              "err": {},
              "uuid": "db511e78-9fb5-4346-9671-580bff79f5f8",
              "parentUUID": "30d92ed7-45d1-4bb6-adbd-cc9fa4239daf",
              "isHook": false,
              "skipped": true
            },
            {
              "title": "TC_WEB_074 - [Validation] SQL Injection Prevention Check Iteration 24",
              "fullTitle": "Comprehensive E2E web Validation Suite (125 Tests) TC_WEB_074 - [Validation] SQL Injection Prevention Check Iteration 24",
              "timedOut": false,
              "duration": 0,
              "state": null,
              "speed": null,
              "pass": false,
              "fail": false,
              "pending": false,
              "context": null,
              "code": "this.timeout(10000);\nconst source = await driver.getPageSource().catch(() => '');\nexpect(source).to.be.a('string');\nconst isString = typeof source === 'string';\nexpect(isString).to.be.true;",
              "err": {},
              "uuid": "83092d0f-2b68-4d4f-b3cf-559d6a339f70",
              "parentUUID": "30d92ed7-45d1-4bb6-adbd-cc9fa4239daf",
              "isHook": false,
              "skipped": true
            },
            {
              "title": "TC_WEB_075 - [Validation] XSS Script Filtering Iteration 25",
              "fullTitle": "Comprehensive E2E web Validation Suite (125 Tests) TC_WEB_075 - [Validation] XSS Script Filtering Iteration 25",
              "timedOut": false,
              "duration": 0,
              "state": null,
              "speed": null,
              "pass": false,
              "fail": false,
              "pending": false,
              "context": null,
              "code": "this.timeout(10000);\nconst source = await driver.getPageSource().catch(() => '');\nexpect(source).to.be.a('string');\nconst isString = typeof source === 'string';\nexpect(isString).to.be.true;",
              "err": {},
              "uuid": "cf7506d6-85ab-4085-a46d-a305e1eac61d",
              "parentUUID": "30d92ed7-45d1-4bb6-adbd-cc9fa4239daf",
              "isHook": false,
              "skipped": true
            },
            {
              "title": "TC_WEB_076 - [Unit] Component State Isolation Iteration 1",
              "fullTitle": "Comprehensive E2E web Validation Suite (125 Tests) TC_WEB_076 - [Unit] Component State Isolation Iteration 1",
              "timedOut": false,
              "duration": 0,
              "state": null,
              "speed": null,
              "pass": false,
              "fail": false,
              "pending": false,
              "context": null,
              "code": "this.timeout(10000);\nconst source = await driver.getPageSource().catch(() => '');\nexpect(source).to.be.a('string');\nconst isString = typeof source === 'string';\nexpect(isString).to.be.true;",
              "err": {},
              "uuid": "0aed7c75-3d6b-46e7-a2c0-e389c96a9c5f",
              "parentUUID": "30d92ed7-45d1-4bb6-adbd-cc9fa4239daf",
              "isHook": false,
              "skipped": true
            },
            {
              "title": "TC_WEB_077 - [Unit] Function Output Mapping Iteration 2",
              "fullTitle": "Comprehensive E2E web Validation Suite (125 Tests) TC_WEB_077 - [Unit] Function Output Mapping Iteration 2",
              "timedOut": false,
              "duration": 0,
              "state": null,
              "speed": null,
              "pass": false,
              "fail": false,
              "pending": false,
              "context": null,
              "code": "this.timeout(10000);\nconst source = await driver.getPageSource().catch(() => '');\nexpect(source).to.be.a('string');\nconst isString = typeof source === 'string';\nexpect(isString).to.be.true;",
              "err": {},
              "uuid": "36c1c6ba-8ae1-4d77-83e7-0673617a11c2",
              "parentUUID": "30d92ed7-45d1-4bb6-adbd-cc9fa4239daf",
              "isHook": false,
              "skipped": true
            },
            {
              "title": "TC_WEB_078 - [Unit] API Endpoint Mock Response Iteration 3",
              "fullTitle": "Comprehensive E2E web Validation Suite (125 Tests) TC_WEB_078 - [Unit] API Endpoint Mock Response Iteration 3",
              "timedOut": false,
              "duration": 0,
              "state": null,
              "speed": null,
              "pass": false,
              "fail": false,
              "pending": false,
              "context": null,
              "code": "this.timeout(10000);\nconst source = await driver.getPageSource().catch(() => '');\nexpect(source).to.be.a('string');\nconst isString = typeof source === 'string';\nexpect(isString).to.be.true;",
              "err": {},
              "uuid": "45809216-7598-4bd7-b090-45db57f3616e",
              "parentUUID": "30d92ed7-45d1-4bb6-adbd-cc9fa4239daf",
              "isHook": false,
              "skipped": true
            },
            {
              "title": "TC_WEB_079 - [Unit] DOM Node Recycling Iteration 4",
              "fullTitle": "Comprehensive E2E web Validation Suite (125 Tests) TC_WEB_079 - [Unit] DOM Node Recycling Iteration 4",
              "timedOut": false,
              "duration": 0,
              "state": null,
              "speed": null,
              "pass": false,
              "fail": false,
              "pending": false,
              "context": null,
              "code": "this.timeout(10000);\nconst source = await driver.getPageSource().catch(() => '');\nexpect(source).to.be.a('string');\nconst isString = typeof source === 'string';\nexpect(isString).to.be.true;",
              "err": {},
              "uuid": "6d7552d2-70f6-4ae0-8c32-4cc9b7b16305",
              "parentUUID": "30d92ed7-45d1-4bb6-adbd-cc9fa4239daf",
              "isHook": false,
              "skipped": true
            },
            {
              "title": "TC_WEB_080 - [Unit] Event Listener Memory Iteration 5",
              "fullTitle": "Comprehensive E2E web Validation Suite (125 Tests) TC_WEB_080 - [Unit] Event Listener Memory Iteration 5",
              "timedOut": false,
              "duration": 0,
              "state": null,
              "speed": null,
              "pass": false,
              "fail": false,
              "pending": false,
              "context": null,
              "code": "this.timeout(10000);\nconst source = await driver.getPageSource().catch(() => '');\nexpect(source).to.be.a('string');\nconst isString = typeof source === 'string';\nexpect(isString).to.be.true;",
              "err": {},
              "uuid": "2ff35819-1f63-4bcc-abbd-d22b9e8e4c46",
              "parentUUID": "30d92ed7-45d1-4bb6-adbd-cc9fa4239daf",
              "isHook": false,
              "skipped": true
            },
            {
              "title": "TC_WEB_081 - [Unit] Garbage Collection Hook Iteration 6",
              "fullTitle": "Comprehensive E2E web Validation Suite (125 Tests) TC_WEB_081 - [Unit] Garbage Collection Hook Iteration 6",
              "timedOut": false,
              "duration": 0,
              "state": null,
              "speed": null,
              "pass": false,
              "fail": false,
              "pending": false,
              "context": null,
              "code": "this.timeout(10000);\nconst source = await driver.getPageSource().catch(() => '');\nexpect(source).to.be.a('string');\nconst isString = typeof source === 'string';\nexpect(isString).to.be.true;",
              "err": {},
              "uuid": "caf87bc9-78ae-416f-9d8c-d97333546cce",
              "parentUUID": "30d92ed7-45d1-4bb6-adbd-cc9fa4239daf",
              "isHook": false,
              "skipped": true
            },
            {
              "title": "TC_WEB_082 - [Unit] Virtual DOM Diffing Iteration 7",
              "fullTitle": "Comprehensive E2E web Validation Suite (125 Tests) TC_WEB_082 - [Unit] Virtual DOM Diffing Iteration 7",
              "timedOut": false,
              "duration": 0,
              "state": null,
              "speed": null,
              "pass": false,
              "fail": false,
              "pending": false,
              "context": null,
              "code": "this.timeout(10000);\nconst source = await driver.getPageSource().catch(() => '');\nexpect(source).to.be.a('string');\nconst isString = typeof source === 'string';\nexpect(isString).to.be.true;",
              "err": {},
              "uuid": "82bf1c6e-d50f-4cc5-b44c-9ec161821e34",
              "parentUUID": "30d92ed7-45d1-4bb6-adbd-cc9fa4239daf",
              "isHook": false,
              "skipped": true
            },
            {
              "title": "TC_WEB_083 - [Unit] Component State Isolation Iteration 8",
              "fullTitle": "Comprehensive E2E web Validation Suite (125 Tests) TC_WEB_083 - [Unit] Component State Isolation Iteration 8",
              "timedOut": false,
              "duration": 0,
              "state": null,
              "speed": null,
              "pass": false,
              "fail": false,
              "pending": false,
              "context": null,
              "code": "this.timeout(10000);\nconst source = await driver.getPageSource().catch(() => '');\nexpect(source).to.be.a('string');\nconst isString = typeof source === 'string';\nexpect(isString).to.be.true;",
              "err": {},
              "uuid": "dee4bf6f-32fa-45d2-8e8d-08d95e661df5",
              "parentUUID": "30d92ed7-45d1-4bb6-adbd-cc9fa4239daf",
[...]
              "err": {},
              "uuid": "8502066c-05fc-4319-bfe1-db1e29db3043",
              "parentUUID": "30d92ed7-45d1-4bb6-adbd-cc9fa4239daf",
              "isHook": false,
              "skipped": true
            },
            {
              "title": "TC_WEB_113 - [Deployable] Security Header Strict-Transport Iteration 13",
              "fullTitle": "Comprehensive E2E web Validation Suite (125 Tests) TC_WEB_113 - [Deployable] Security Header Strict-Transport Iteration 13",
              "timedOut": false,
              "duration": 0,
              "state": null,
              "speed": null,
              "pass": false,
              "fail": false,
              "pending": false,
              "context": null,
              "code": "this.timeout(10000);\nconst source = await driver.getPageSource().catch(() => '');\nexpect(source).to.be.a('string');\nconst isString = typeof source === 'string';\nexpect(isString).to.be.true;",
              "err": {},
              "uuid": "bc9790e5-6689-48d0-9794-afef10d4736c",
              "parentUUID": "30d92ed7-45d1-4bb6-adbd-cc9fa4239daf",
              "isHook": false,
              "skipped": true
            },
            {
              "title": "TC_WEB_114 - [Deployable] CORS Policy Check Iteration 14",
              "fullTitle": "Comprehensive E2E web Validation Suite (125 Tests) TC_WEB_114 - [Deployable] CORS Policy Check Iteration 14",
              "timedOut": false,
              "duration": 0,
              "state": null,
              "speed": null,
              "pass": false,
              "fail": false,
              "pending": false,
              "context": null,
              "code": "this.timeout(10000);\nconst source = await driver.getPageSource().catch(() => '');\nexpect(source).to.be.a('string');\nconst isString = typeof source === 'string';\nexpect(isString).to.be.true;",
              "err": {},
              "uuid": "f7fc0587-e4e6-41fc-8657-1feb00e5036a",
              "parentUUID": "30d92ed7-45d1-4bb6-adbd-cc9fa4239daf",
              "isHook": false,
              "skipped": true
            },
            {
              "title": "TC_WEB_115 - [Deployable] Healthcheck Endpoint 200 OK Iteration 15",
              "fullTitle": "Comprehensive E2E web Validation Suite (125 Tests) TC_WEB_115 - [Deployable] Healthcheck Endpoint 200 OK Iteration 15",
              "timedOut": false,
              "duration": 0,
              "state": null,
              "speed": null,
              "pass": false,
              "fail": false,
              "pending": false,
              "context": null,
              "code": "this.timeout(10000);\nconst source = await driver.getPageSource().catch(() => '');\nexpect(source).to.be.a('string');\nconst isString = typeof source === 'string';\nexpect(isString).to.be.true;",
              "err": {},
              "uuid": "d13f9bbf-b320-408f-9f0a-0c3a1966487b",
              "parentUUID": "30d92ed7-45d1-4bb6-adbd-cc9fa4239daf",
              "isHook": false,
              "skipped": true
            },
            {
              "title": "TC_WEB_116 - [Deployable] Static Asset Delivery Iteration 16",
              "fullTitle": "Comprehensive E2E web Validation Suite (125 Tests) TC_WEB_116 - [Deployable] Static Asset Delivery Iteration 16",
              "timedOut": false,
              "duration": 0,
              "state": null,
              "speed": null,
              "pass": false,
              "fail": false,
              "pending": false,
              "context": null,
              "code": "this.timeout(10000);\nconst source = await driver.getPageSource().catch(() => '');\nexpect(source).to.be.a('string');\nconst isString = typeof source === 'string';\nexpect(isString).to.be.true;",
              "err": {},
              "uuid": "324bb4cf-5a8f-4536-843f-3d3504641929",
              "parentUUID": "30d92ed7-45d1-4bb6-adbd-cc9fa4239daf",
              "isHook": false,
              "skipped": true
            },
            {
              "title": "TC_WEB_117 - [Deployable] CDN Latency Metric Iteration 17",
              "fullTitle": "Comprehensive E2E web Validation Suite (125 Tests) TC_WEB_117 - [Deployable] CDN Latency Metric Iteration 17",
              "timedOut": false,
              "duration": 0,
              "state": null,
              "speed": null,
              "pass": false,
              "fail": false,
              "pending": false,
              "context": null,
              "code": "this.timeout(10000);\nconst source = await driver.getPageSource().catch(() => '');\nexpect(source).to.be.a('string');\nconst isString = typeof source === 'string';\nexpect(isString).to.be.true;",
              "err": {},
              "uuid": "195f2773-983a-468e-816f-493245fd7b6e",
              "parentUUID": "30d92ed7-45d1-4bb6-adbd-cc9fa4239daf",
              "isHook": false,
              "skipped": true
            },
            {
              "title": "TC_WEB_118 - [Deployable] Environment Variable Binding Iteration 18",
              "fullTitle": "Comprehensive E2E web Validation Suite (125 Tests) TC_WEB_118 - [Deployable] Environment Variable Binding Iteration 18",
              "timedOut": false,
              "duration": 0,
              "state": null,
              "speed": null,
              "pass": false,
              "fail": false,
              "pending": false,
              "context": null,
              "code": "this.timeout(10000);\nconst source = await driver.getPageSource().catch(() => '');\nexpect(source).to.be.a('string');\nconst isString = typeof source === 'string';\nexpect(isString).to.be.true;",
              "err": {},
              "uuid": "4caac4ee-21f8-460f-b18a-814eec7fbdd0",
              "parentUUID": "30d92ed7-45d1-4bb6-adbd-cc9fa4239daf",
              "isHook": false,
              "skipped": true
            },
            {
              "title": "TC_WEB_119 - [Deployable] Container Resource Limit Iteration 19",
              "fullTitle": "Comprehensive E2E web Validation Suite (125 Tests) TC_WEB_119 - [Deployable] Container Resource Limit Iteration 19",
              "timedOut": false,
              "duration": 0,
              "state": null,
              "speed": null,
              "pass": false,
              "fail": false,
              "pending": false,
              "context": null,
              "code": "this.timeout(10000);\nconst source = await driver.getPageSource().catch(() => '');\nexpect(source).to.be.a('string');\nconst isString = typeof source === 'string';\nexpect(isString).to.be.true;",
              "err": {},
              "uuid": "4f952e3d-08e0-4b3b-aa71-413fb39e465b",
              "parentUUID": "30d92ed7-45d1-4bb6-adbd-cc9fa4239daf",
              "isHook": false,
              "skipped": true
            },
            {
              "title": "TC_WEB_120 - [Deployable] Security Header Strict-Transport Iteration 20",
              "fullTitle": "Comprehensive E2E web Validation Suite (125 Tests) TC_WEB_120 - [Deployable] Security Header Strict-Transport Iteration 20",
              "timedOut": false,
              "duration": 0,
              "state": null,
              "speed": null,
              "pass": false,
              "fail": false,
              "pending": false,
              "context": null,
              "code": "this.timeout(10000);\nconst source = await driver.getPageSource().catch(() => '');\nexpect(source).to.be.a('string');\nconst isString = typeof source === 'string';\nexpect(isString).to.be.true;",
              "err": {},
              "uuid": "997908f2-8fd6-4e2b-b884-ff1121a798ea",
              "parentUUID": "30d92ed7-45d1-4bb6-adbd-cc9fa4239daf",
              "isHook": false,
              "skipped": true
            },
            {
              "title": "TC_WEB_121 - [Deployable] CORS Policy Check Iteration 21",
              "fullTitle": "Comprehensive E2E web Validation Suite (125 Tests) TC_WEB_121 - [Deployable] CORS Policy Check Iteration 21",
              "timedOut": false,
              "duration": 0,
              "state": null,
              "speed": null,
              "pass": false,
              "fail": false,
              "pending": false,
              "context": null,
              "code": "this.timeout(10000);\nconst source = await driver.getPageSource().catch(() => '');\nexpect(source).to.be.a('string');\nconst isString = typeof source === 'string';\nexpect(isString).to.be.true;",
              "err": {},
              "uuid": "2f0dcbf4-bd49-46f1-976d-2533e288a163",
              "parentUUID": "30d92ed7-45d1-4bb6-adbd-cc9fa4239daf",
              "isHook": false,
              "skipped": true
            },
            {
              "title": "TC_WEB_122 - [Deployable] Healthcheck Endpoint 200 OK Iteration 22",
              "fullTitle": "Comprehensive E2E web Validation Suite (125 Tests) TC_WEB_122 - [Deployable] Healthcheck Endpoint 200 OK Iteration 22",
              "timedOut": false,
              "duration": 0,
              "state": null,
              "speed": null,
              "pass": false,
              "fail": false,
              "pending": false,
              "context": null,
              "code": "this.timeout(10000);\nconst source = await driver.getPageSource().catch(() => '');\nexpect(source).to.be.a('string');\nconst isString = typeof source === 'string';\nexpect(isString).to.be.true;",
              "err": {},
              "uuid": "1ec51e28-5f5d-4c6c-ab6f-c04de57b502d",
              "parentUUID": "30d92ed7-45d1-4bb6-adbd-cc9fa4239daf",
              "isHook": false,
              "skipped": true
            },
            {
              "title": "TC_WEB_123 - [Deployable] Static Asset Delivery Iteration 23",
              "fullTitle": "Comprehensive E2E web Validation Suite (125 Tests) TC_WEB_123 - [Deployable] Static Asset Delivery Iteration 23",
              "timedOut": false,
              "duration": 0,
              "state": null,
              "speed": null,
              "pass": false,
              "fail": false,
              "pending": false,
              "context": null,
              "code": "this.timeout(10000);\nconst source = await driver.getPageSource().catch(() => '');\nexpect(source).to.be.a('string');\nconst isString = typeof source === 'string';\nexpect(isString).to.be.true;",
              "err": {},
              "uuid": "bbe96a64-2134-4be4-85cd-ca5d32040ec4",
              "parentUUID": "30d92ed7-45d1-4bb6-adbd-cc9fa4239daf",
              "isHook": false,
              "skipped": true
            },
            {
              "title": "TC_WEB_124 - [Deployable] CDN Latency Metric Iteration 24",
              "fullTitle": "Comprehensive E2E web Validation Suite (125 Tests) TC_WEB_124 - [Deployable] CDN Latency Metric Iteration 24",
              "timedOut": false,
              "duration": 0,
              "state": null,
              "speed": null,
              "pass": false,
              "fail": false,
              "pending": false,
              "context": null,
              "code": "this.timeout(10000);\nconst source = await driver.getPageSource().catch(() => '');\nexpect(source).to.be.a('string');\nconst isString = typeof source === 'string';\nexpect(isString).to.be.true;",
              "err": {},
              "uuid": "d197e0d3-2d28-45e2-91d1-3e98ce2feb13",
              "parentUUID": "30d92ed7-45d1-4bb6-adbd-cc9fa4239daf",
              "isHook": false,
              "skipped": true
            },
            {
              "title": "TC_WEB_125 - [Deployable] Environment Variable Binding Iteration 25",
              "fullTitle": "Comprehensive E2E web Validation Suite (125 Tests) TC_WEB_125 - [Deployable] Environment Variable Binding Iteration 25",
              "timedOut": false,
              "duration": 0,
              "state": null,
              "speed": null,
              "pass": false,
              "fail": false,
              "pending": false,
              "context": null,
              "code": "this.timeout(10000);\nconst source = await driver.getPageSource().catch(() => '');\nexpect(source).to.be.a('string');\nconst isString = typeof source === 'string';\nexpect(isString).to.be.true;",
              "err": {},
              "uuid": "35ba41cc-3794-4eca-824f-ec24da5c44f4",
              "parentUUID": "30d92ed7-45d1-4bb6-adbd-cc9fa4239daf",
              "isHook": false,
              "skipped": true
            }
          ],
          "suites": [],
          "passes": [],
          "failures": [],
          "pending": [],
          "skipped": [
            "0f3bfb88-0d81-42fb-8544-f0da3a4a1cb9",
            "9e0b8c0f-2113-4ada-aed2-63486564a8f0",
            "9a4b75b3-9af0-4d20-9bfa-7b32ee5c0671",
            "e3f0aa35-518e-451b-a210-d2ab8df94a70",
            "ede9c36b-0576-4da8-9031-339c77dcc1cb",
            "1480daac-38c9-4114-a40a-2f59b3fa0fcd",
            "fd9dafbe-114d-4b5d-90a9-a8cf0736898d",
            "58543013-b8cf-4d6b-830b-9a549cd7bd21",
            "ef1b0a7f-aedf-4a0c-9a34-61b620b4511b",
            "c65d7c77-5b68-4995-a770-7f43b71d16b7",
            "e3e6aa0e-0ca9-48b8-bdda-a7034b529238",
            "25c499ab-7330-4054-931a-3ebea1fdeea4",
            "cd912cd6-63d0-4be3-83de-1dd9d0c8aa35",
            "64b7f8ef-6fe8-44cc-a1bf-38c9ca4647b1",
            "84f6717c-6c02-451d-80cc-0a763f4579dd",
            "293b520f-8675-44da-a68a-f32bc210b798",
            "eecf0f40-ce6d-4da5-94db-3c719e6fb945",
            "4490b3cf-8792-46fd-81a1-683d5a7fbe44",
            "a1a4dfac-b526-4950-8cac-a7dde2770e3f",
            "69cf4f3c-d5b9-48fd-9d8b-e3d3c8997da8",
            "2f57e76c-1610-4334-b921-f96327863e19",
            "ed02a389-3b04-40e2-8b07-a3feadc61660",
            "7a2b4861-7fea-46a3-b7f1-2776ebc7bffa",
            "e50979d2-81ce-42f5-bbae-b35abf1e39ef",
            "27153aa9-9eed-4f1f-a82b-8a206898188d",
            "be3c3b6e-1445-4f9f-a034-21ccdf2d0533",
            "b74d36e1-7247-40db-a074-3edac4ef5fe1",
            "b93ad628-f257-479f-aef5-090964a9e7c5",
            "1bfc27f7-7677-43fc-8fec-1108edb4d0e5",
            "48104938-539c-4a55-8a60-a0cca660d857",
            "1763bb60-e517-4707-ae4e-4b8564bf01d6",
            "ed5ea2ad-3ae3-4e16-bb10-dc901e251dc0",
            "c23c88ee-540f-4ba7-b88c-95ae6190f5c3",
            "d9752fe0-1c69-43b4-ab86-e8fed978a387",
            "512a6643-6ee2-44ce-ab61-7755a853861c",
            "a5eb3545-92f6-4ca4-ad1d-83af31096c19",
            "1e27d212-b7b8-4f64-bfc4-38f4e4613273",
            "46ad31a3-c7fb-4e17-a2ca-3cfa919bf532",
            "d7143a6c-c97c-47ed-9067-6ae676db7f03",
            "5c798b04-8c7b-4a3d-8b7d-defbe695063a",
            "ba6bddd6-cdb6-4ac8-9159-f7b5e8c404b4",
            "44ae97b3-ec81-469d-aed1-1178f0153d53",
            "6f371d26-685d-41f7-8e49-9acadd7f2b27",
            "8e86e1b9-db01-490c-85fb-ce0fbb97a173",
            "39d2599d-8854-4af5-96d3-55b4348b64d0",
            "d1d017de-65a6-4969-9b7b-ee8a867e4d91",
            "d90782d1-9cc4-4751-9898-b9c67793b732",
            "14fcf395-d6c0-4f95-9daa-9ae3031f90ca",
            "8b60ed67-9e4b-4db0-a6fe-6f775cf47ca0",
            "193dc545-d88b-48c7-9c6b-f77bda391e4b",
            "eb426c70-13f9-4b7a-b387-654d95bac42c",
            "56a3db7d-feaa-49a9-805f-4893e6dc438f",
            "47279e79-39eb-4bc8-aede-31dae70c7b97",
            "c42aba8f-c61d-4d69-ad1c-f2a3ec63d649",
            "0c048afa-5741-4189-9e8f-c9e9ef512fe5",
            "e6651fa3-2288-403f-9237-04967a15083c",
            "027f1d2e-837d-4866-ab08-bf11dc447c64",
            "f696aff1-f7ba-4428-8fb3-14bbdddbd97c",
            "f971224b-6f10-4d65-9cc4-1f9c79174ff9",
            "9499adcf-18c0-4ba9-aae3-f89a98deb414",
            "ed2ff3ff-f091-48e1-9e47-db3e6ea3e841",
            "2cd4d944-ae38-4dfb-999f-bdd32944120c",
            "926b43b2-03b5-4179-92de-663852e4c188",
            "f677c5d4-7d22-4640-afc7-0a7f8ac43e34",
            "af4a887f-a1a6-4820-a6f9-f11c1e19afb1",
            "528a94f2-6ef1-4283-abf2-a497aa381733",
            "51473fd1-03dd-45c8-84cd-09689898832c",
            "a03f9ddc-8a75-467c-950d-2cfafcc1c7e8",
            "470d92c3-1af7-44f3-8f60-16d36025b4a5",
            "11639924-e7fb-4bcb-adbd-1601a0e7c92b",
            "1426a670-bf4d-4a0b-8bd8-a60f3e300128",
            "4fea8f19-c7f9-4ea9-81ca-76bf9477da6d",
            "db511e78-9fb5-4346-9671-580bff79f5f8",
            "83092d0f-2b68-4d4f-b3cf-559d6a339f70",
            "cf7506d6-85ab-4085-a46d-a305e1eac61d",
            "0aed7c75-3d6b-46e7-a2c0-e389c96a9c5f",
            "36c1c6ba-8ae1-4d77-83e7-0673617a11c2",
            "45809216-7598-4bd7-b090-45db57f3616e",
            "6d7552d2-70f6-4ae0-8c32-4cc9b7b16305",
            "2ff35819-1f63-4bcc-abbd-d22b9e8e4c46",
            "caf87bc9-78ae-416f-9d8c-d97333546cce",
            "82bf1c6e-d50f-4cc5-b44c-9ec161821e34",
            "dee4bf6f-32fa-45d2-8e8d-08d95e661df5",
            "1d3aaa22-c498-498d-8ce5-bafd69a71ade",
            "cb9a827c-a1cf-48b6-b011-853c5a028a21",
            "823df8b3-ea6c-47f2-a89f-a2ba0d998c91",
            "7edc3838-e626-4a01-a6d8-1053e8400b10",
            "20dc42f9-69bb-4af0-be2b-55764d11dfbd",
            "06937f0f-8fe6-4aee-8c63-3bf3cc1e5cbf",
            "625718b5-322b-49dc-be35-ec4616a8802e",
            "e94a75ce-b39a-48c3-a617-f13761ff13e6",
            "981ac595-55eb-456e-b74c-722d963bec9a",
            "34de8f97-f090-4fca-acff-07d4e4667571",
            "d82ae036-070c-4712-93c6-f588b0b42558",
            "bed95b18-7c53-4b8a-b8c6-c7b7a9a4f3d4",
            "f24e0920-2ae5-49f8-868b-3ea1adf829df",
            "06987eb1-8243-410a-8a98-61d46e6da22f",
            "08c58bcd-7b8f-41dd-87f1-7d61809145e6",
            "78169195-0fdc-4c20-83ef-f8e769f39bee",
            "ea5084b0-da54-4ba7-9f68-a86c0aa05474",
            "19265697-d0bd-472a-8a63-186bbce8b249",
            "2e310fba-c0af-4992-ae5a-c733d47dd85f",
            "79c40579-9bd5-42ac-9342-b4f5a9eb9cf9",
            "3483f447-3dfe-40cc-bed1-af7f7c3fa2ec",
            "cd6b8b11-c3ed-4c67-b235-e5c0c8f0611b",
            "660e29f5-2b01-4d69-8bd5-7dbdb889d145",
            "67fe5702-5654-498d-8f0e-270125bce390",
            "74013c9e-cd7d-4428-8eb9-46122a4f274e",
            "ffb8f43a-8ad7-4baa-a981-b81e68d70cb4",
            "a339b853-ef51-47b6-ba1f-2ab48fc40a09",
            "6192793b-9abb-4aad-bb88-809649dac254",
            "8502066c-05fc-4319-bfe1-db1e29db3043",
            "bc9790e5-6689-48d0-9794-afef10d4736c",
            "f7fc0587-e4e6-41fc-8657-1feb00e5036a",
            "d13f9bbf-b320-408f-9f0a-0c3a1966487b",
            "324bb4cf-5a8f-4536-843f-3d3504641929",
            "195f2773-983a-468e-816f-493245fd7b6e",
            "4caac4ee-21f8-460f-b18a-814eec7fbdd0",
            "4f952e3d-08e0-4b3b-aa71-413fb39e465b",
            "997908f2-8fd6-4e2b-b884-ff1121a798ea",
            "2f0dcbf4-bd49-46f1-976d-2533e288a163",
            "1ec51e28-5f5d-4c6c-ab6f-c04de57b502d",
            "bbe96a64-2134-4be4-85cd-ca5d32040ec4",
            "d197e0d3-2d28-45e2-91d1-3e98ce2feb13",
            "35ba41cc-3794-4eca-824f-ec24da5c44f4"
          ],
          "duration": 0,
          "root": false,
          "rootEmpty": false,
          "_timeout": 120000
        }
      ],
      "passes": [],
      "failures": [],
      "pending": [],
      "skipped": [],
      "duration": 0,
      "root": true,
      "rootEmpty": true,
      "_timeout": 120000
    }
  ],
  "meta": {
    "mocha": {
      "version": "10.8.2"
    },
    "mochawesome": {
      "options": {
        "quiet": false,
        "reportFilename": "mochawesome",
        "saveHtml": true,
        "saveJson": true,
        "consoleReporter": "spec",
        "useInlineDiffs": false,
        "code": true
      },
      "version": "7.1.4"
    },
    "marge": {
      "options": null,
      "version": "6.3.2"
    }
  }
}